<?xml version="1.0" encoding="UTF-8"?>
<!-- Generated by org.testng.reporters.JUnitReportReporter -->
<testsuite hostname="ATMECSINDT-088" failures="0" tests="1" name="com.atmecs.project.script.Script" time="0.051" errors="0" timestamp="24 Sep 2019 13:55:03 GMT" skipped="0">
  <testcase classname="com.atmecs.project.script.Script" name="test" time="0.051"/>
</testsuite> <!-- com.atmecs.project.script.Script -->
